<?xml version="1.0" encoding="UTF-8"?>
<!-- Generated by org.testng.reporters.JUnitXMLReporter -->
<testsuite ignored="0" hostname="DESKTOP-US1CTOQ" failures="0" tests="6" name="TestOnChrome" time="36.422" errors="0" timestamp="2023-06-27T13:05:59 IST">
  <testcase classname="com.selenium.automation.testng.HandleAlertsTest" name="navigateToURL" time="5.344"/>
  <testcase classname="com.selenium.automation.testng.HandleAlertsTest" name="hoverOverMenu" time="0.261"/>
  <testcase classname="com.selenium.automation.testng.HandleAlertsTest" name="selectAlertsOption" time="6.713"/>
  <testcase classname="com.selenium.automation.testng.HandleAlertsTest" name="handleSimpleAlert" time="4.336"/>
  <testcase classname="com.selenium.automation.testng.HandleAlertsTest" name="handleConfirmationAlert" time="5.31"/>
  <testcase classname="com.selenium.automation.testng.HandleAlertsTest" name="handlePromptAlert" time="7.317"/>
</testsuite> <!-- TestOnChrome -->
